#
# There is insufficient memory for the Java Runtime Environment to continue.
# Native memory allocation (malloc) failed to allocate 1032656 bytes. Error detail: Chunk::new
# Possible reasons:
#   The system is out of physical RAM or swap space
#   This process is running with CompressedOops enabled, and the Java Heap may be blocking the growth of the native heap
# Possible solutions:
#   Reduce memory load on the system
#   Increase physical memory or swap space
#   Check if swap backing store is full
#   Decrease Java heap size (-Xmx/-Xms)
#   Decrease number of Java threads
#   Decrease Java thread stack sizes (-Xss)
#   Set larger code cache with -XX:ReservedCodeCacheSize=
#   JVM is running with Zero Based Compressed Oops mode in which the Java heap is
#     placed in the first 32GB address space. The Java Heap base address is the
#     maximum limit for the native heap growth. Please use -XX:HeapBaseMinAddress
#     to set the Java Heap base and to place the Java Heap above 32GB virtual address.
# This output file may be truncated or incomplete.
#
#  Out of Memory Error (arena.cpp:168), pid=20904, tid=21244
#
# JRE version: OpenJDK Runtime Environment (21.0.6) (build 21.0.6+-13368085-b895.109)
# Java VM: OpenJDK 64-Bit Server VM (21.0.6+-13368085-b895.109, mixed mode, tiered, compressed oops, compressed class ptrs, g1 gc, windows-amd64)
# No core dump will be written. Minidumps are not enabled by default on client versions of Windows
#

---------------  S U M M A R Y ------------

Command Line: org.jetbrains.kotlin.cli.jvm.K2JVMCompiler @C:\Users\heema\AndroidStudioProjects\Tails-Tale\app\build\20250724_14977636543265896341.compiler.options

Host: 13th Gen Intel(R) Core(TM) i7-13620H, 16 cores, 15G,  Windows 11 , 64 bit Build 26100 (10.0.26100.4768)
Time: Thu Jul 24 22:27:49 2025 Nepal Standard Time elapsed time: 19.175741 seconds (0d 0h 0m 19s)

---------------  T H R E A D  ---------------

Current thread (0x000001c5a7e97930):  JavaThread "C2 CompilerThread3" daemon [_thread_in_native, id=21244, stack(0x00000032b4200000,0x00000032b4300000) (1024K)]


Current CompileTask:
C2:19175 28376 %     4       org.jetbrains.kotlin.codegen.optimization.temporaryVals.TemporaryValsAnalyzer::analyze @ 210 (1247 bytes)

Stack: [0x00000032b4200000,0x00000032b4300000]
Native frames: (J=compiled Java code, j=interpreted, Vv=VM code, C=native code)
V  [jvm.dll+0x6d0639]
V  [jvm.dll+0x85eb03]
V  [jvm.dll+0x86105e]
V  [jvm.dll+0x861743]
V  [jvm.dll+0x27e6e6]
V  [jvm.dll+0xbff6d]
V  [jvm.dll+0xc04a3]
V  [jvm.dll+0x2f2780]
V  [jvm.dll+0x5fa409]
V  [jvm.dll+0x250d92]
V  [jvm.dll+0x25114f]
V  [jvm.dll+0x2498f5]
V  [jvm.dll+0x24714e]
V  [jvm.dll+0x1c5f04]
V  [jvm.dll+0x2569ac]
V  [jvm.dll+0x254ef6]
V  [jvm.dll+0x3f0e96]
V  [jvm.dll+0x806ed8]
V  [jvm.dll+0x6cef0d]
C  [ucrtbase.dll+0x37b0]
C  [KERNEL32.DLL+0x2e8d7]
C  [ntdll.dll+0x3c34c]


---------------  P R O C E S S  ---------------

Threads class SMR info:
_java_thread_list=0x000001c5b4c47dc0, length=18, elements={
0x000001c5855af6f0, 0x000001c5a40b4930, 0x000001c5a40b5480, 0x000001c5a40cf8b0,
0x000001c5a40d0300, 0x000001c5a40d1d60, 0x000001c5a40d27b0, 0x000001c5a40d3530,
0x000001c5a40d74c0, 0x000001c5a4169740, 0x000001c5a4276a80, 0x000001c5a427ad40,
0x000001c5a434b440, 0x000001c5a45d7100, 0x000001c5a46db3b0, 0x000001c5a62e16f0,
0x000001c5a7e97930, 0x000001c5a7e12dd0
}

Java Threads: ( => current thread )
  0x000001c5855af6f0 JavaThread "main"                              [_thread_blocked, id=20992, stack(0x00000032b2200000,0x00000032b2300000) (1024K)]
  0x000001c5a40b4930 JavaThread "Reference Handler"          daemon [_thread_blocked, id=21076, stack(0x00000032b2a00000,0x00000032b2b00000) (1024K)]
  0x000001c5a40b5480 JavaThread "Finalizer"                  daemon [_thread_blocked, id=21080, stack(0x00000032b2b00000,0x00000032b2c00000) (1024K)]
  0x000001c5a40cf8b0 JavaThread "Signal Dispatcher"          daemon [_thread_blocked, id=21084, stack(0x00000032b2c00000,0x00000032b2d00000) (1024K)]
  0x000001c5a40d0300 JavaThread "Attach Listener"            daemon [_thread_blocked, id=21088, stack(0x00000032b2d00000,0x00000032b2e00000) (1024K)]
  0x000001c5a40d1d60 JavaThread "Service Thread"             daemon [_thread_blocked, id=21092, stack(0x00000032b2e00000,0x00000032b2f00000) (1024K)]
  0x000001c5a40d27b0 JavaThread "Monitor Deflation Thread"   daemon [_thread_blocked, id=21096, stack(0x00000032b2f00000,0x00000032b3000000) (1024K)]
  0x000001c5a40d3530 JavaThread "C2 CompilerThread0"         daemon [_thread_blocked, id=21100, stack(0x00000032b3000000,0x00000032b3100000) (1024K)]
  0x000001c5a40d74c0 JavaThread "C1 CompilerThread0"         daemon [_thread_blocked, id=21104, stack(0x00000032b3100000,0x00000032b3200000) (1024K)]
  0x000001c5a4169740 JavaThread "C1 CompilerThread1"         daemon [_thread_blocked, id=21108, stack(0x00000032b3200000,0x00000032b3300000) (1024K)]
  0x000001c5a4276a80 JavaThread "Notification Thread"        daemon [_thread_blocked, id=21112, stack(0x00000032b3300000,0x00000032b3400000) (1024K)]
  0x000001c5a427ad40 JavaThread "Common-Cleaner"             daemon [_thread_blocked, id=21120, stack(0x00000032b3400000,0x00000032b3500000) (1024K)]
  0x000001c5a434b440 JavaThread "C2 CompilerThread1"         daemon [_thread_blocked, id=21128, stack(0x00000032b3500000,0x00000032b3600000) (1024K)]
  0x000001c5a45d7100 JavaThread "C1 CompilerThread2"         daemon [_thread_blocked, id=21136, stack(0x00000032b3700000,0x00000032b3800000) (1024K)]
  0x000001c5a46db3b0 JavaThread "C1 CompilerThread3"         daemon [_thread_blocked, id=21140, stack(0x00000032b3800000,0x00000032b3900000) (1024K)]
  0x000001c5a62e16f0 JavaThread "C2 CompilerThread2"         daemon [_thread_blocked, id=21240, stack(0x00000032b3600000,0x00000032b3700000) (1024K)]
=>0x000001c5a7e97930 JavaThread "C2 CompilerThread3"         daemon [_thread_in_native, id=21244, stack(0x00000032b4200000,0x00000032b4300000) (1024K)]
  0x000001c5a7e12dd0 JavaThread "C2 CompilerThread4"         daemon [_thread_blocked, id=21248, stack(0x00000032b4600000,0x00000032b4700000) (1024K)]
Total: 18

Other Threads:
  0x000001c5a402ce80 VMThread "VM Thread"                           [id=21044, stack(0x00000032b2900000,0x00000032b2a00000) (1024K)] _threads_hazard_ptr=0x000001c5b4c47dc0
  0x000001c59f421940 WatcherThread "VM Periodic Task Thread"        [id=21032, stack(0x00000032b2800000,0x00000032b2900000) (1024K)]
  0x000001c58560e0f0 WorkerThread "GC Thread#0"                     [id=21008, stack(0x00000032b2300000,0x00000032b2400000) (1024K)]
  0x000001c5a4a53d30 WorkerThread "GC Thread#1"                     [id=21156, stack(0x00000032b3900000,0x00000032b3a00000) (1024K)]
  0x000001c5a4a548f0 WorkerThread "GC Thread#2"                     [id=21160, stack(0x00000032b3a00000,0x00000032b3b00000) (1024K)]
  0x000001c5a4a54c90 WorkerThread "GC Thread#3"                     [id=21164, stack(0x00000032b3b00000,0x00000032b3c00000) (1024K)]
  0x000001c5a4a55030 WorkerThread "GC Thread#4"                     [id=21168, stack(0x00000032b3c00000,0x00000032b3d00000) (1024K)]
  0x000001c5a4a553d0 WorkerThread "GC Thread#5"                     [id=21172, stack(0x00000032b3d00000,0x00000032b3e00000) (1024K)]
  0x000001c5a4bcac30 WorkerThread "GC Thread#6"                     [id=21184, stack(0x00000032b3e00000,0x00000032b3f00000) (1024K)]
  0x000001c5a4bc9db0 WorkerThread "GC Thread#7"                     [id=21188, stack(0x00000032b3f00000,0x00000032b4000000) (1024K)]
  0x000001c5a52da4a0 WorkerThread "GC Thread#8"                     [id=21204, stack(0x00000032b4300000,0x00000032b4400000) (1024K)]
  0x000001c5a52d8400 WorkerThread "GC Thread#9"                     [id=21208, stack(0x00000032b4400000,0x00000032b4500000) (1024K)]
  0x000001c5a52d8b40 WorkerThread "GC Thread#10"                    [id=21220, stack(0x00000032b4700000,0x00000032b4800000) (1024K)]
  0x000001c5a52daf80 WorkerThread "GC Thread#11"                    [id=21224, stack(0x00000032b4500000,0x00000032b4600000) (1024K)]
  0x000001c5a80a1f80 WorkerThread "GC Thread#12"                    [id=21380, stack(0x00000032b4900000,0x00000032b4a00000) (1024K)]
  0x000001c58561eef0 ConcurrentGCThread "G1 Main Marker"            [id=21012, stack(0x00000032b2400000,0x00000032b2500000) (1024K)]
  0x000001c585621410 WorkerThread "G1 Conc#0"                       [id=21016, stack(0x00000032b2500000,0x00000032b2600000) (1024K)]
  0x000001c5a4bca150 WorkerThread "G1 Conc#1"                       [id=21192, stack(0x00000032b4000000,0x00000032b4100000) (1024K)]
  0x000001c5a4bca4f0 WorkerThread "G1 Conc#2"                       [id=21196, stack(0x00000032b4100000,0x00000032b4200000) (1024K)]
  0x000001c59f2e5060 ConcurrentGCThread "G1 Refine#0"               [id=21020, stack(0x00000032b2600000,0x00000032b2700000) (1024K)]
  0x000001c59f2e5880 ConcurrentGCThread "G1 Service"                [id=21024, stack(0x00000032b2700000,0x00000032b2800000) (1024K)]
Total: 21

Threads with active compile tasks:
C2 CompilerThread0  19186 28442 %     4       org.jetbrains.kotlin.codegen.optimization.temporaryVals.TemporaryVariablesEliminationTransformer::processLabels @ 460 (515 bytes)
C1 CompilerThread0  19186 28441       3       org.jetbrains.kotlin.codegen.inline.InlineScopesGenerator::computeNewVariableName (114 bytes)
C1 CompilerThread1  19186 28439       3       org.jetbrains.org.objectweb.asm.commons.InstructionAdapter::visitLdcInsn (328 bytes)
C2 CompilerThread1  19186 28417       4       org.jetbrains.org.objectweb.asm.tree.MethodNode::accept (874 bytes)
C1 CompilerThread2  19186 28443       3       org.jetbrains.kotlin.codegen.StackValue::put (27 bytes)
C1 CompilerThread3  19186 28440       3       org.jetbrains.kotlin.codegen.inline.InlineScopesGenerator::access$computeNewVariableName (10 bytes)
C2 CompilerThread2  19186 28427       4       org.jetbrains.kotlin.codegen.optimization.boxing.BoxingFrame::merge (215 bytes)
C2 CompilerThread3  19186 28376 %     4       org.jetbrains.kotlin.codegen.optimization.temporaryVals.TemporaryValsAnalyzer::analyze @ 210 (1247 bytes)
C2 CompilerThread4  19186 28445       4       org.jetbrains.kotlin.codegen.optimization.common.FastAnalyzer::computeExceptionHandlersForEachInsn (94 bytes)
Total: 9

VM state: synchronizing (normal execution)

VM Mutex/Monitor currently owned by a thread:  ([mutex/lock_event])
[0x00007ffb5023e3a0] Threads_lock - owner thread: 0x000001c5a402ce80

Heap address: 0x0000000704a00000, size: 4022 MB, Compressed Oops mode: Zero based, Oop shift amount: 3

CDS archive(s) not mapped
Compressed class space mapped at: 0x0000000800000000-0x0000000840000000, reserved size: 1073741824
Narrow klass base: 0x0000000800000000, Narrow klass shift: 0, Narrow klass range: 0x40000000

GC Precious Log:
 CardTable entry size: 512
 Card Set container configuration: InlinePtr #cards 4 size 8 Array Of Cards #cards 16 size 48 Howl #buckets 8 coarsen threshold 3686 Howl Bitmap #cards 512 size 80 coarsen threshold 460 Card regions per heap region 1 cards per card region 4096
 CPUs: 16 total, 16 available
 Memory: 16087M
 Large Page Support: Disabled
 NUMA Support: Disabled
 Compressed Oops: Enabled (Zero based)
 Heap Region Size: 2M
 Heap Min Capacity: 8M
 Heap Initial Capacity: 252M
 Heap Max Capacity: 4022M
 Pre-touch: Disabled
 Parallel Workers: 13
 Concurrent Workers: 3
 Concurrent Refinement Workers: 13
 Periodic GC: Disabled

Heap:
 garbage-first heap   total 382976K, used 281928K [0x0000000704a00000, 0x0000000800000000)
  region size 2048K, 31 young (63488K), 6 survivors (12288K)
 Metaspace       used 98515K, committed 98944K, reserved 1179648K
  class space    used 9295K, committed 9472K, reserved 1048576K

Heap Regions: E=young(eden), S=young(survivor), O=old, HS=humongous(starts), HC=humongous(continues), CS=collection set, F=free, TAMS=top-at-mark-start, PB=parsable bottom
|   0|0x0000000704a00000, 0x0000000704c00000, 0x0000000704c00000|100%|HS|  |TAMS 0x0000000704a00000| PB 0x0000000704a00000| Complete 
|   1|0x0000000704c00000, 0x0000000704e00000, 0x0000000704e00000|100%|HC|  |TAMS 0x0000000704c00000| PB 0x0000000704c00000| Complete 
|   2|0x0000000704e00000, 0x0000000705000000, 0x0000000705000000|100%| O|  |TAMS 0x0000000704e00000| PB 0x0000000704e00000| Untracked 
|   3|0x0000000705000000, 0x0000000705200000, 0x0000000705200000|100%| O|  |TAMS 0x0000000705000000| PB 0x0000000705000000| Untracked 
|   4|0x0000000705200000, 0x0000000705400000, 0x0000000705400000|100%| O|  |TAMS 0x0000000705200000| PB 0x0000000705200000| Untracked 
|   5|0x0000000705400000, 0x0000000705600000, 0x0000000705600000|100%| O|  |TAMS 0x0000000705400000| PB 0x0000000705400000| Untracked 
|   6|0x0000000705600000, 0x0000000705800000, 0x0000000705800000|100%| O|  |TAMS 0x0000000705600000| PB 0x0000000705600000| Untracked 
|   7|0x0000000705800000, 0x0000000705a00000, 0x0000000705a00000|100%| O|  |TAMS 0x0000000705800000| PB 0x0000000705800000| Untracked 
|   8|0x0000000705a00000, 0x0000000705c00000, 0x0000000705c00000|100%| O|  |TAMS 0x0000000705a00000| PB 0x0000000705a00000| Untracked 
|   9|0x0000000705c00000, 0x0000000705e00000, 0x0000000705e00000|100%| O|  |TAMS 0x0000000705c00000| PB 0x0000000705c00000| Untracked 
|  10|0x0000000705e00000, 0x0000000706000000, 0x0000000706000000|100%| O|  |TAMS 0x0000000705e00000| PB 0x0000000705e00000| Untracked 
|  11|0x0000000706000000, 0x0000000706200000, 0x0000000706200000|100%| O|  |TAMS 0x0000000706000000| PB 0x0000000706000000| Untracked 
|  12|0x0000000706200000, 0x0000000706400000, 0x0000000706400000|100%| O|  |TAMS 0x0000000706200000| PB 0x0000000706200000| Untracked 
|  13|0x0000000706400000, 0x0000000706600000, 0x0000000706600000|100%| O|  |TAMS 0x0000000706400000| PB 0x0000000706400000| Untracked 
|  14|0x0000000706600000, 0x0000000706800000, 0x0000000706800000|100%| O|  |TAMS 0x0000000706600000| PB 0x0000000706600000| Untracked 
|  15|0x0000000706800000, 0x0000000706a00000, 0x0000000706a00000|100%| O|  |TAMS 0x0000000706800000| PB 0x0000000706800000| Untracked 
|  16|0x0000000706a00000, 0x0000000706c00000, 0x0000000706c00000|100%| O|  |TAMS 0x0000000706a00000| PB 0x0000000706a00000| Untracked 
|  17|0x0000000706c00000, 0x0000000706e00000, 0x0000000706e00000|100%| O|  |TAMS 0x0000000706c00000| PB 0x0000000706c00000| Untracked 
|  18|0x0000000706e00000, 0x0000000707000000, 0x0000000707000000|100%| O|  |TAMS 0x0000000706e00000| PB 0x0000000706e00000| Untracked 
|  19|0x0000000707000000, 0x0000000707200000, 0x0000000707200000|100%| O|  |TAMS 0x0000000707000000| PB 0x0000000707000000| Untracked 
|  20|0x0000000707200000, 0x0000000707400000, 0x0000000707400000|100%| O|  |TAMS 0x0000000707200000| PB 0x0000000707200000| Untracked 
|  21|0x0000000707400000, 0x0000000707600000, 0x0000000707600000|100%| O|  |TAMS 0x0000000707400000| PB 0x0000000707400000| Untracked 
|  22|0x0000000707600000, 0x0000000707800000, 0x0000000707800000|100%| O|  |TAMS 0x0000000707600000| PB 0x0000000707600000| Untracked 
|  23|0x0000000707800000, 0x0000000707a00000, 0x0000000707a00000|100%| O|  |TAMS 0x0000000707800000| PB 0x0000000707800000| Untracked 
|  24|0x0000000707a00000, 0x0000000707c00000, 0x0000000707c00000|100%| O|  |TAMS 0x0000000707a00000| PB 0x0000000707a00000| Untracked 
|  25|0x0000000707c00000, 0x0000000707e00000, 0x0000000707e00000|100%| O|  |TAMS 0x0000000707c00000| PB 0x0000000707c00000| Untracked 
|  26|0x0000000707e00000, 0x0000000708000000, 0x0000000708000000|100%| O|  |TAMS 0x0000000707e00000| PB 0x0000000707e00000| Untracked 
|  27|0x0000000708000000, 0x0000000708200000, 0x0000000708200000|100%| O|  |TAMS 0x0000000708000000| PB 0x0000000708000000| Untracked 
|  28|0x0000000708200000, 0x0000000708400000, 0x0000000708400000|100%| O|  |TAMS 0x0000000708200000| PB 0x0000000708200000| Untracked 
|  29|0x0000000708400000, 0x0000000708600000, 0x0000000708600000|100%| O|  |TAMS 0x0000000708400000| PB 0x0000000708400000| Untracked 
|  30|0x0000000708600000, 0x0000000708800000, 0x0000000708800000|100%| O|  |TAMS 0x0000000708600000| PB 0x0000000708600000| Untracked 
|  31|0x0000000708800000, 0x0000000708a00000, 0x0000000708a00000|100%| O|  |TAMS 0x0000000708800000| PB 0x0000000708800000| Untracked 
|  32|0x0000000708a00000, 0x0000000708c00000, 0x0000000708c00000|100%| O|  |TAMS 0x0000000708a00000| PB 0x0000000708a00000| Untracked 
|  33|0x0000000708c00000, 0x0000000708e00000, 0x0000000708e00000|100%| O|  |TAMS 0x0000000708c00000| PB 0x0000000708c00000| Untracked 
|  34|0x0000000708e00000, 0x0000000709000000, 0x0000000709000000|100%| O|  |TAMS 0x0000000708e00000| PB 0x0000000708e00000| Untracked 
|  35|0x0000000709000000, 0x0000000709200000, 0x0000000709200000|100%| O|  |TAMS 0x0000000709000000| PB 0x0000000709000000| Untracked 
|  36|0x0000000709200000, 0x0000000709400000, 0x0000000709400000|100%| O|  |TAMS 0x0000000709200000| PB 0x0000000709200000| Untracked 
|  37|0x0000000709400000, 0x0000000709600000, 0x0000000709600000|100%| O|  |TAMS 0x0000000709400000| PB 0x0000000709400000| Untracked 
|  38|0x0000000709600000, 0x0000000709800000, 0x0000000709800000|100%| O|  |TAMS 0x0000000709600000| PB 0x0000000709600000| Untracked 
|  39|0x0000000709800000, 0x0000000709a00000, 0x0000000709a00000|100%| O|  |TAMS 0x0000000709800000| PB 0x0000000709800000| Untracked 
|  40|0x0000000709a00000, 0x0000000709c00000, 0x0000000709c00000|100%| O|  |TAMS 0x0000000709a00000| PB 0x0000000709a00000| Untracked 
|  41|0x0000000709c00000, 0x0000000709e00000, 0x0000000709e00000|100%| O|  |TAMS 0x0000000709c00000| PB 0x0000000709c00000| Untracked 
|  42|0x0000000709e00000, 0x000000070a000000, 0x000000070a000000|100%| O|  |TAMS 0x0000000709e00000| PB 0x0000000709e00000| Untracked 
|  43|0x000000070a000000, 0x000000070a200000, 0x000000070a200000|100%| O|  |TAMS 0x000000070a000000| PB 0x000000070a000000| Untracked 
|  44|0x000000070a200000, 0x000000070a400000, 0x000000070a400000|100%| O|  |TAMS 0x000000070a200000| PB 0x000000070a200000| Untracked 
|  45|0x000000070a400000, 0x000000070a600000, 0x000000070a600000|100%| O|  |TAMS 0x000000070a400000| PB 0x000000070a400000| Untracked 
|  46|0x000000070a600000, 0x000000070a800000, 0x000000070a800000|100%| O|  |TAMS 0x000000070a600000| PB 0x000000070a600000| Untracked 
|  47|0x000000070a800000, 0x000000070aa00000, 0x000000070aa00000|100%| O|  |TAMS 0x000000070a800000| PB 0x000000070a800000| Untracked 
|  48|0x000000070aa00000, 0x000000070ac00000, 0x000000070ac00000|100%| O|  |TAMS 0x000000070aa00000| PB 0x000000070aa00000| Untracked 
|  49|0x000000070ac00000, 0x000000070ae00000, 0x000000070ae00000|100%| O|  |TAMS 0x000000070ac00000| PB 0x000000070ac00000| Untracked 
|  50|0x000000070ae00000, 0x000000070b000000, 0x000000070b000000|100%| O|  |TAMS 0x000000070ae00000| PB 0x000000070ae00000| Untracked 
|  51|0x000000070b000000, 0x000000070b200000, 0x000000070b200000|100%| O|  |TAMS 0x000000070b000000| PB 0x000000070b000000| Untracked 
|  52|0x000000070b200000, 0x000000070b400000, 0x000000070b400000|100%| O|  |TAMS 0x000000070b200000| PB 0x000000070b200000| Untracked 
|  53|0x000000070b400000, 0x000000070b600000, 0x000000070b600000|100%| O|  |TAMS 0x000000070b400000| PB 0x000000070b400000| Untracked 
|  54|0x000000070b600000, 0x000000070b800000, 0x000000070b800000|100%| O|  |TAMS 0x000000070b600000| PB 0x000000070b600000| Untracked 
|  55|0x000000070b800000, 0x000000070ba00000, 0x000000070ba00000|100%| O|  |TAMS 0x000000070b800000| PB 0x000000070b800000| Untracked 
|  56|0x000000070ba00000, 0x000000070bc00000, 0x000000070bc00000|100%| O|  |TAMS 0x000000070ba00000| PB 0x000000070ba00000| Untracked 
|  57|0x000000070bc00000, 0x000000070be00000, 0x000000070be00000|100%| O|  |TAMS 0x000000070bc00000| PB 0x000000070bc00000| Untracked 
|  58|0x000000070be00000, 0x000000070c000000, 0x000000070c000000|100%| O|  |TAMS 0x000000070be00000| PB 0x000000070be00000| Untracked 
|  59|0x000000070c000000, 0x000000070c200000, 0x000000070c200000|100%| O|  |TAMS 0x000000070c000000| PB 0x000000070c000000| Untracked 
|  60|0x000000070c200000, 0x000000070c400000, 0x000000070c400000|100%| O|  |TAMS 0x000000070c200000| PB 0x000000070c200000| Untracked 
|  61|0x000000070c400000, 0x000000070c600000, 0x000000070c600000|100%| O|  |TAMS 0x000000070c400000| PB 0x000000070c400000| Untracked 
|  62|0x000000070c600000, 0x000000070c800000, 0x000000070c800000|100%| O|  |TAMS 0x000000070c600000| PB 0x000000070c600000| Untracked 
|  63|0x000000070c800000, 0x000000070ca00000, 0x000000070ca00000|100%| O|  |TAMS 0x000000070c800000| PB 0x000000070c800000| Untracked 
|  64|0x000000070ca00000, 0x000000070cc00000, 0x000000070cc00000|100%| O|  |TAMS 0x000000070ca00000| PB 0x000000070ca00000| Untracked 
|  65|0x000000070cc00000, 0x000000070ce00000, 0x000000070ce00000|100%| O|  |TAMS 0x000000070cc00000| PB 0x000000070cc00000| Untracked 
|  66|0x000000070ce00000, 0x000000070d000000, 0x000000070d000000|100%| O|  |TAMS 0x000000070ce00000| PB 0x000000070ce00000| Untracked 
|  67|0x000000070d000000, 0x000000070d200000, 0x000000070d200000|100%| O|  |TAMS 0x000000070d000000| PB 0x000000070d000000| Untracked 
|  68|0x000000070d200000, 0x000000070d400000, 0x000000070d400000|100%| O|  |TAMS 0x000000070d200000| PB 0x000000070d200000| Untracked 
|  69|0x000000070d400000, 0x000000070d600000, 0x000000070d600000|100%| O|  |TAMS 0x000000070d400000| PB 0x000000070d400000| Untracked 
|  70|0x000000070d600000, 0x000000070d800000, 0x000000070d800000|100%| O|  |TAMS 0x000000070d600000| PB 0x000000070d600000| Untracked 
|  71|0x000000070d800000, 0x000000070da00000, 0x000000070da00000|100%| O|  |TAMS 0x000000070d800000| PB 0x000000070d800000| Untracked 
|  72|0x000000070da00000, 0x000000070dc00000, 0x000000070dc00000|100%| O|  |TAMS 0x000000070da00000| PB 0x000000070da00000| Untracked 
|  73|0x000000070dc00000, 0x000000070de00000, 0x000000070de00000|100%| O|  |TAMS 0x000000070dc00000| PB 0x000000070dc00000| Untracked 
|  74|0x000000070de00000, 0x000000070e000000, 0x000000070e000000|100%| O|  |TAMS 0x000000070de00000| PB 0x000000070de00000| Untracked 
|  75|0x000000070e000000, 0x000000070e200000, 0x000000070e200000|100%| O|  |TAMS 0x000000070e000000| PB 0x000000070e000000| Untracked 
|  76|0x000000070e200000, 0x000000070e400000, 0x000000070e400000|100%| O|  |TAMS 0x000000070e200000| PB 0x000000070e200000| Untracked 
|  77|0x000000070e400000, 0x000000070e600000, 0x000000070e600000|100%| O|  |TAMS 0x000000070e400000| PB 0x000000070e400000| Untracked 
|  78|0x000000070e600000, 0x000000070e800000, 0x000000070e800000|100%| O|Cm|TAMS 0x000000070e600000| PB 0x000000070e600000| Complete 
|  79|0x000000070e800000, 0x000000070ea00000, 0x000000070ea00000|100%| O|  |TAMS 0x000000070e800000| PB 0x000000070e800000| Untracked 
|  80|0x000000070ea00000, 0x000000070ec00000, 0x000000070ec00000|100%| O|  |TAMS 0x000000070ea00000| PB 0x000000070ea00000| Untracked 
|  81|0x000000070ec00000, 0x000000070ee00000, 0x000000070ee00000|100%| O|  |TAMS 0x000000070ec00000| PB 0x000000070ec00000| Untracked 
|  82|0x000000070ee00000, 0x000000070f000000, 0x000000070f000000|100%| O|  |TAMS 0x000000070ee00000| PB 0x000000070ee00000| Untracked 
|  83|0x000000070f000000, 0x000000070f200000, 0x000000070f200000|100%| O|  |TAMS 0x000000070f000000| PB 0x000000070f000000| Untracked 
|  84|0x000000070f200000, 0x000000070f400000, 0x000000070f400000|100%| O|  |TAMS 0x000000070f200000| PB 0x000000070f200000| Untracked 
|  85|0x000000070f400000, 0x000000070f600000, 0x000000070f600000|100%| O|  |TAMS 0x000000070f400000| PB 0x000000070f400000| Untracked 
|  86|0x000000070f600000, 0x000000070f800000, 0x000000070f800000|100%| O|  |TAMS 0x000000070f600000| PB 0x000000070f600000| Untracked 
|  87|0x000000070f800000, 0x000000070fa00000, 0x000000070fa00000|100%| O|  |TAMS 0x000000070f800000| PB 0x000000070f800000| Untracked 
|  88|0x000000070fa00000, 0x000000070fc00000, 0x000000070fc00000|100%| O|  |TAMS 0x000000070fa00000| PB 0x000000070fa00000| Untracked 
|  89|0x000000070fc00000, 0x000000070fe00000, 0x000000070fe00000|100%| O|  |TAMS 0x000000070fc00000| PB 0x000000070fc00000| Untracked 
|  90|0x000000070fe00000, 0x0000000710000000, 0x0000000710000000|100%| O|  |TAMS 0x000000070fe00000| PB 0x000000070fe00000| Untracked 
|  91|0x0000000710000000, 0x0000000710200000, 0x0000000710200000|100%| O|  |TAMS 0x0000000710000000| PB 0x0000000710000000| Untracked 
|  92|0x0000000710200000, 0x0000000710400000, 0x0000000710400000|100%| O|  |TAMS 0x0000000710200000| PB 0x0000000710200000| Untracked 
|  93|0x0000000710400000, 0x0000000710600000, 0x0000000710600000|100%| O|  |TAMS 0x0000000710400000| PB 0x0000000710400000| Untracked 
|  94|0x0000000710600000, 0x0000000710800000, 0x0000000710800000|100%| O|  |TAMS 0x0000000710600000| PB 0x0000000710600000| Untracked 
|  95|0x0000000710800000, 0x0000000710a00000, 0x0000000710a00000|100%| O|  |TAMS 0x0000000710800000| PB 0x0000000710800000| Untracked 
|  96|0x0000000710a00000, 0x0000000710c00000, 0x0000000710c00000|100%| O|  |TAMS 0x0000000710a00000| PB 0x0000000710a00000| Untracked 
|  97|0x0000000710c00000, 0x0000000710e00000, 0x0000000710e00000|100%| O|  |TAMS 0x0000000710c00000| PB 0x0000000710c00000| Untracked 
|  98|0x0000000710e00000, 0x0000000711000000, 0x0000000711000000|100%| O|  |TAMS 0x0000000710e00000| PB 0x0000000710e00000| Untracked 
|  99|0x0000000711000000, 0x0000000711200000, 0x0000000711200000|100%| O|Cm|TAMS 0x0000000711000000| PB 0x0000000711000000| Complete 
| 100|0x0000000711200000, 0x0000000711400000, 0x0000000711400000|100%| O|  |TAMS 0x0000000711200000| PB 0x0000000711200000| Untracked 
| 101|0x0000000711400000, 0x0000000711600000, 0x0000000711600000|100%| O|  |TAMS 0x0000000711400000| PB 0x0000000711400000| Untracked 
| 102|0x0000000711600000, 0x0000000711800000, 0x0000000711800000|100%| O|  |TAMS 0x0000000711600000| PB 0x0000000711600000| Untracked 
| 103|0x0000000711800000, 0x000000071188d630, 0x0000000711a00000| 27%| O|  |TAMS 0x0000000711800000| PB 0x0000000711800000| Untracked 
| 104|0x0000000711a00000, 0x0000000711a00000, 0x0000000711c00000|  0%| F|  |TAMS 0x0000000711a00000| PB 0x0000000711a00000| Untracked 
| 105|0x0000000711c00000, 0x0000000711c00000, 0x0000000711e00000|  0%| F|  |TAMS 0x0000000711c00000| PB 0x0000000711c00000| Untracked 
| 106|0x0000000711e00000, 0x0000000711e00000, 0x0000000712000000|  0%| F|  |TAMS 0x0000000711e00000| PB 0x0000000711e00000| Untracked 
| 107|0x0000000712000000, 0x0000000712000000, 0x0000000712200000|  0%| F|  |TAMS 0x0000000712000000| PB 0x0000000712000000| Untracked 
| 108|0x0000000712200000, 0x0000000712200000, 0x0000000712400000|  0%| F|  |TAMS 0x0000000712200000| PB 0x0000000712200000| Untracked 
| 109|0x0000000712400000, 0x0000000712400000, 0x0000000712600000|  0%| F|  |TAMS 0x0000000712400000| PB 0x0000000712400000| Untracked 
| 110|0x0000000712600000, 0x0000000712600000, 0x0000000712800000|  0%| F|  |TAMS 0x0000000712600000| PB 0x0000000712600000| Untracked 
| 111|0x0000000712800000, 0x0000000712800000, 0x0000000712a00000|  0%| F|  |TAMS 0x0000000712800000| PB 0x0000000712800000| Untracked 
| 112|0x0000000712a00000, 0x0000000712a00000, 0x0000000712c00000|  0%| F|  |TAMS 0x0000000712a00000| PB 0x0000000712a00000| Untracked 
| 113|0x0000000712c00000, 0x0000000712c00000, 0x0000000712e00000|  0%| F|  |TAMS 0x0000000712c00000| PB 0x0000000712c00000| Untracked 
| 114|0x0000000712e00000, 0x0000000712e00000, 0x0000000713000000|  0%| F|  |TAMS 0x0000000712e00000| PB 0x0000000712e00000| Untracked 
| 115|0x0000000713000000, 0x0000000713000000, 0x0000000713200000|  0%| F|  |TAMS 0x0000000713000000| PB 0x0000000713000000| Untracked 
| 116|0x0000000713200000, 0x0000000713200000, 0x0000000713400000|  0%| F|  |TAMS 0x0000000713200000| PB 0x0000000713200000| Untracked 
| 117|0x0000000713400000, 0x0000000713400000, 0x0000000713600000|  0%| F|  |TAMS 0x0000000713400000| PB 0x0000000713400000| Untracked 
| 118|0x0000000713600000, 0x0000000713600000, 0x0000000713800000|  0%| F|  |TAMS 0x0000000713600000| PB 0x0000000713600000| Untracked 
| 119|0x0000000713800000, 0x0000000713800000, 0x0000000713a00000|  0%| F|  |TAMS 0x0000000713800000| PB 0x0000000713800000| Untracked 
| 120|0x0000000713a00000, 0x0000000713a00000, 0x0000000713c00000|  0%| F|  |TAMS 0x0000000713a00000| PB 0x0000000713a00000| Untracked 
| 121|0x0000000713c00000, 0x0000000713cc4cd8, 0x0000000713e00000| 38%| S|CS|TAMS 0x0000000713c00000| PB 0x0000000713c00000| Complete 
| 122|0x0000000713e00000, 0x0000000714000000, 0x0000000714000000|100%| S|CS|TAMS 0x0000000713e00000| PB 0x0000000713e00000| Complete 
| 123|0x0000000714000000, 0x0000000714200000, 0x0000000714200000|100%| S|CS|TAMS 0x0000000714000000| PB 0x0000000714000000| Complete 
| 124|0x0000000714200000, 0x0000000714400000, 0x0000000714400000|100%| S|CS|TAMS 0x0000000714200000| PB 0x0000000714200000| Complete 
| 125|0x0000000714400000, 0x0000000714600000, 0x0000000714600000|100%| S|CS|TAMS 0x0000000714400000| PB 0x0000000714400000| Complete 
| 126|0x0000000714600000, 0x0000000714800000, 0x0000000714800000|100%| S|CS|TAMS 0x0000000714600000| PB 0x0000000714600000| Complete 
| 127|0x0000000714800000, 0x0000000714800000, 0x0000000714a00000|  0%| F|  |TAMS 0x0000000714800000| PB 0x0000000714800000| Untracked 
| 128|0x0000000714a00000, 0x0000000714a00000, 0x0000000714c00000|  0%| F|  |TAMS 0x0000000714a00000| PB 0x0000000714a00000| Untracked 
| 129|0x0000000714c00000, 0x0000000714c00000, 0x0000000714e00000|  0%| F|  |TAMS 0x0000000714c00000| PB 0x0000000714c00000| Untracked 
| 130|0x0000000714e00000, 0x0000000714e00000, 0x0000000715000000|  0%| F|  |TAMS 0x0000000714e00000| PB 0x0000000714e00000| Untracked 
| 131|0x0000000715000000, 0x0000000715000000, 0x0000000715200000|  0%| F|  |TAMS 0x0000000715000000| PB 0x0000000715000000| Untracked 
| 132|0x0000000715200000, 0x0000000715200000, 0x0000000715400000|  0%| F|  |TAMS 0x0000000715200000| PB 0x0000000715200000| Untracked 
| 133|0x0000000715400000, 0x0000000715400000, 0x0000000715600000|  0%| F|  |TAMS 0x0000000715400000| PB 0x0000000715400000| Untracked 
| 134|0x0000000715600000, 0x0000000715600000, 0x0000000715800000|  0%| F|  |TAMS 0x0000000715600000| PB 0x0000000715600000| Untracked 
| 135|0x0000000715800000, 0x0000000715800000, 0x0000000715a00000|  0%| F|  |TAMS 0x0000000715800000| PB 0x0000000715800000| Untracked 
| 136|0x0000000715a00000, 0x0000000715a00000, 0x0000000715c00000|  0%| F|  |TAMS 0x0000000715a00000| PB 0x0000000715a00000| Untracked 
| 137|0x0000000715c00000, 0x0000000715c00000, 0x0000000715e00000|  0%| F|  |TAMS 0x0000000715c00000| PB 0x0000000715c00000| Untracked 
| 138|0x0000000715e00000, 0x0000000715e00000, 0x0000000716000000|  0%| F|  |TAMS 0x0000000715e00000| PB 0x0000000715e00000| Untracked 
| 139|0x0000000716000000, 0x0000000716000000, 0x0000000716200000|  0%| F|  |TAMS 0x0000000716000000| PB 0x0000000716000000| Untracked 
| 140|0x0000000716200000, 0x0000000716200000, 0x0000000716400000|  0%| F|  |TAMS 0x0000000716200000| PB 0x0000000716200000| Untracked 
| 141|0x0000000716400000, 0x0000000716400000, 0x0000000716600000|  0%| F|  |TAMS 0x0000000716400000| PB 0x0000000716400000| Untracked 
| 142|0x0000000716600000, 0x0000000716600000, 0x0000000716800000|  0%| F|  |TAMS 0x0000000716600000| PB 0x0000000716600000| Untracked 
| 143|0x0000000716800000, 0x0000000716800000, 0x0000000716a00000|  0%| F|  |TAMS 0x0000000716800000| PB 0x0000000716800000| Untracked 
| 144|0x0000000716a00000, 0x0000000716a00000, 0x0000000716c00000|  0%| F|  |TAMS 0x0000000716a00000| PB 0x0000000716a00000| Untracked 
| 145|0x0000000716c00000, 0x0000000716c00000, 0x0000000716e00000|  0%| F|  |TAMS 0x0000000716c00000| PB 0x0000000716c00000| Untracked 
| 146|0x0000000716e00000, 0x0000000716e00000, 0x0000000717000000|  0%| F|  |TAMS 0x0000000716e00000| PB 0x0000000716e00000| Untracked 
| 147|0x0000000717000000, 0x0000000717000000, 0x0000000717200000|  0%| F|  |TAMS 0x0000000717000000| PB 0x0000000717000000| Untracked 
| 148|0x0000000717200000, 0x0000000717200000, 0x0000000717400000|  0%| F|  |TAMS 0x0000000717200000| PB 0x0000000717200000| Untracked 
| 149|0x0000000717400000, 0x0000000717400000, 0x0000000717600000|  0%| F|  |TAMS 0x0000000717400000| PB 0x0000000717400000| Untracked 
| 150|0x0000000717600000, 0x0000000717600000, 0x0000000717800000|  0%| F|  |TAMS 0x0000000717600000| PB 0x0000000717600000| Untracked 
| 151|0x0000000717800000, 0x0000000717800000, 0x0000000717a00000|  0%| F|  |TAMS 0x0000000717800000| PB 0x0000000717800000| Untracked 
| 152|0x0000000717a00000, 0x0000000717a00000, 0x0000000717c00000|  0%| F|  |TAMS 0x0000000717a00000| PB 0x0000000717a00000| Untracked 
| 153|0x0000000717c00000, 0x0000000717c00000, 0x0000000717e00000|  0%| F|  |TAMS 0x0000000717c00000| PB 0x0000000717c00000| Untracked 
| 154|0x0000000717e00000, 0x0000000717e00000, 0x0000000718000000|  0%| F|  |TAMS 0x0000000717e00000| PB 0x0000000717e00000| Untracked 
| 155|0x0000000718000000, 0x0000000718000000, 0x0000000718200000|  0%| F|  |TAMS 0x0000000718000000| PB 0x0000000718000000| Untracked 
| 156|0x0000000718200000, 0x0000000718200000, 0x0000000718400000|  0%| F|  |TAMS 0x0000000718200000| PB 0x0000000718200000| Untracked 
| 157|0x0000000718400000, 0x0000000718500000, 0x0000000718600000| 50%| E|  |TAMS 0x0000000718400000| PB 0x0000000718400000| Complete 
| 158|0x0000000718600000, 0x0000000718800000, 0x0000000718800000|100%| E|CS|TAMS 0x0000000718600000| PB 0x0000000718600000| Complete 
| 159|0x0000000718800000, 0x0000000718a00000, 0x0000000718a00000|100%| E|CS|TAMS 0x0000000718800000| PB 0x0000000718800000| Complete 
| 160|0x0000000718a00000, 0x0000000718c00000, 0x0000000718c00000|100%| E|CS|TAMS 0x0000000718a00000| PB 0x0000000718a00000| Complete 
| 161|0x0000000718c00000, 0x0000000718e00000, 0x0000000718e00000|100%| E|CS|TAMS 0x0000000718c00000| PB 0x0000000718c00000| Complete 
| 162|0x0000000718e00000, 0x0000000719000000, 0x0000000719000000|100%| E|CS|TAMS 0x0000000718e00000| PB 0x0000000718e00000| Complete 
| 163|0x0000000719000000, 0x0000000719200000, 0x0000000719200000|100%| E|CS|TAMS 0x0000000719000000| PB 0x0000000719000000| Complete 
| 164|0x0000000719200000, 0x0000000719400000, 0x0000000719400000|100%| E|CS|TAMS 0x0000000719200000| PB 0x0000000719200000| Complete 
| 165|0x0000000719400000, 0x0000000719600000, 0x0000000719600000|100%| E|CS|TAMS 0x0000000719400000| PB 0x0000000719400000| Complete 
| 166|0x0000000719600000, 0x0000000719800000, 0x0000000719800000|100%| E|CS|TAMS 0x0000000719600000| PB 0x0000000719600000| Complete 
| 167|0x0000000719800000, 0x0000000719a00000, 0x0000000719a00000|100%| E|CS|TAMS 0x0000000719800000| PB 0x0000000719800000| Complete 
| 168|0x0000000719a00000, 0x0000000719c00000, 0x0000000719c00000|100%| E|CS|TAMS 0x0000000719a00000| PB 0x0000000719a00000| Complete 
| 169|0x0000000719c00000, 0x0000000719e00000, 0x0000000719e00000|100%| E|CS|TAMS 0x0000000719c00000| PB 0x0000000719c00000| Complete 
| 170|0x0000000719e00000, 0x000000071a000000, 0x000000071a000000|100%| E|CS|TAMS 0x0000000719e00000| PB 0x0000000719e00000| Complete 
| 171|0x000000071a000000, 0x000000071a200000, 0x000000071a200000|100%| E|CS|TAMS 0x000000071a000000| PB 0x000000071a000000| Complete 
| 172|0x000000071a200000, 0x000000071a400000, 0x000000071a400000|100%| E|CS|TAMS 0x000000071a200000| PB 0x000000071a200000| Complete 
| 173|0x000000071a400000, 0x000000071a600000, 0x000000071a600000|100%| E|CS|TAMS 0x000000071a400000| PB 0x000000071a400000| Complete 
| 174|0x000000071a600000, 0x000000071a800000, 0x000000071a800000|100%| E|CS|TAMS 0x000000071a600000| PB 0x000000071a600000| Complete 
| 175|0x000000071a800000, 0x000000071aa00000, 0x000000071aa00000|100%| E|CS|TAMS 0x000000071a800000| PB 0x000000071a800000| Complete 
| 176|0x000000071aa00000, 0x000000071ac00000, 0x000000071ac00000|100%| E|CS|TAMS 0x000000071aa00000| PB 0x000000071aa00000| Complete 
| 177|0x000000071ac00000, 0x000000071ae00000, 0x000000071ae00000|100%| E|CS|TAMS 0x000000071ac00000| PB 0x000000071ac00000| Complete 
| 178|0x000000071ae00000, 0x000000071b000000, 0x000000071b000000|100%| E|CS|TAMS 0x000000071ae00000| PB 0x000000071ae00000| Complete 
| 179|0x000000071b000000, 0x000000071b200000, 0x000000071b200000|100%| E|CS|TAMS 0x000000071b000000| PB 0x000000071b000000| Complete 
| 180|0x000000071b200000, 0x000000071b400000, 0x000000071b400000|100%| E|CS|TAMS 0x000000071b200000| PB 0x000000071b200000| Complete 
|2005|0x00000007ff400000, 0x00000007ff600000, 0x00000007ff600000|100%| O|Cm|TAMS 0x00000007ff400000| PB 0x00000007ff400000| Complete 
|2006|0x00000007ff600000, 0x00000007ff800000, 0x00000007ff800000|100%| O|  |TAMS 0x00000007ff600000| PB 0x00000007ff600000| Untracked 
|2007|0x00000007ff800000, 0x00000007ffa00000, 0x00000007ffa00000|100%| O|  |TAMS 0x00000007ff800000| PB 0x00000007ff800000| Untracked 
|2008|0x00000007ffa00000, 0x00000007ffc00000, 0x00000007ffc00000|100%| O|  |TAMS 0x00000007ffa00000| PB 0x00000007ffa00000| Untracked 
|2009|0x00000007ffc00000, 0x00000007ffe00000, 0x00000007ffe00000|100%| O|  |TAMS 0x00000007ffc00000| PB 0x00000007ffc00000| Untracked 
|2010|0x00000007ffe00000, 0x0000000800000000, 0x0000000800000000|100%| E|CS|TAMS 0x00000007ffe00000| PB 0x00000007ffe00000| Complete 

Card table byte_map: [0x000001c598760000,0x000001c598f40000] _byte_map_base: 0x000001c594f3b000

Marking Bits: (CMBitMap*) 0x000001c58560e7f0
 Bits: [0x000001c598f40000, 0x000001c59ce18000)

Polling page: 0x000001c583450000

Metaspace:

Usage:
  Non-class:     87.13 MB used.
      Class:      9.08 MB used.
       Both:     96.21 MB used.

Virtual space:
  Non-class space:      128.00 MB reserved,      87.38 MB ( 68%) committed,  2 nodes.
      Class space:        1.00 GB reserved,       9.25 MB ( <1%) committed,  1 nodes.
             Both:        1.12 GB reserved,      96.62 MB (  8%) committed. 

Chunk freelists:
   Non-Class:  7.97 MB
       Class:  6.76 MB
        Both:  14.73 MB

MaxMetaspaceSize: unlimited
CompressedClassSpaceSize: 1.00 GB
Initial GC threshold: 21.00 MB
Current GC threshold: 148.75 MB
CDS: off
 - commit_granule_bytes: 65536.
 - commit_granule_words: 8192.
 - virtual_space_node_default_size: 8388608.
 - enlarge_chunks_in_place: 1.
 - use_allocation_guard: 0.


Internal statistics:

num_allocs_failed_limit: 6.
num_arena_births: 458.
num_arena_deaths: 0.
num_vsnodes_births: 3.
num_vsnodes_deaths: 0.
num_space_committed: 1542.
num_space_uncommitted: 0.
num_chunks_returned_to_freelist: 6.
num_chunks_taken_from_freelist: 3639.
num_chunk_merges: 6.
num_chunk_splits: 2997.
num_chunks_enlarged: 2689.
num_inconsistent_stats: 0.

CodeHeap 'non-profiled nmethods': size=119168Kb used=19195Kb max_used=19195Kb free=99972Kb
 bounds [0x000001c5902a0000, 0x000001c591560000, 0x000001c597700000]
CodeHeap 'profiled nmethods': size=119104Kb used=82515Kb max_used=82515Kb free=36588Kb
 bounds [0x000001c588700000, 0x000001c58d7a0000, 0x000001c58fb50000]
CodeHeap 'non-nmethods': size=7488Kb used=3571Kb max_used=3609Kb free=3917Kb
 bounds [0x000001c58fb50000, 0x000001c58fef0000, 0x000001c5902a0000]
 total_blobs=22790 nmethods=21946 adapters=738
 compilation: enabled
              stopped_count=0, restarted_count=0
 full_count=0

Compilation events (20 events):
Event: 17.152 Thread 0x000001c5a4169740 28433       3       org.jetbrains.kotlin.metadata.ProtoBuf$ValueParameter::access$18402 (7 bytes)
Event: 17.152 Thread 0x000001c5a40d74c0 nmethod 28429 0x000001c58d792890 code [0x000001c58d792a80, 0x000001c58d793070]
Event: 17.152 Thread 0x000001c5a46db3b0 nmethod 28432 0x000001c58d793310 code [0x000001c58d7934c0, 0x000001c58d793610]
Event: 17.152 Thread 0x000001c5a46db3b0 28435       3       org.jetbrains.kotlin.metadata.ProtoBuf$ValueParameter::access$18602 (7 bytes)
Event: 17.152 Thread 0x000001c5a40d74c0 28434       3       org.jetbrains.kotlin.metadata.ProtoBuf$ValueParameter::access$18502 (7 bytes)
Event: 17.152 Thread 0x000001c5a46db3b0 nmethod 28435 0x000001c58d793710 code [0x000001c58d7938a0, 0x000001c58d793998]
Event: 17.152 Thread 0x000001c5a46db3b0 28436       3       org.jetbrains.kotlin.metadata.ProtoBuf$ValueParameter::access$18702 (7 bytes)
Event: 17.152 Thread 0x000001c5a4169740 nmethod 28433 0x000001c58d793a90 code [0x000001c58d793c20, 0x000001c58d793d18]
Event: 17.152 Thread 0x000001c5a40d74c0 nmethod 28434 0x000001c58d793e10 code [0x000001c58d793fc0, 0x000001c58d794110]
Event: 17.152 Thread 0x000001c5a46db3b0 nmethod 28436 0x000001c58d794210 code [0x000001c58d7943a0, 0x000001c58d794498]
Event: 17.152 Thread 0x000001c5a40d74c0 28437       3       org.jetbrains.kotlin.codegen.inline.SourceMapper::getResultMappings (20 bytes)
Event: 17.152 Thread 0x000001c5a40d74c0 nmethod 28437 0x000001c58d794590 code [0x000001c58d794780, 0x000001c58d794ac0]
Event: 17.152 Thread 0x000001c5a40d74c0 28438       3       java.lang.String::compareTo (9 bytes)
Event: 17.153 Thread 0x000001c5a40d74c0 nmethod 28438 0x000001c58d794c10 code [0x000001c58d794dc0, 0x000001c58d794ff0]
Event: 17.159 Thread 0x000001c5a4169740 28439       3       org.jetbrains.org.objectweb.asm.commons.InstructionAdapter::visitLdcInsn (328 bytes)
Event: 17.161 Thread 0x000001c5a46db3b0 28440       3       org.jetbrains.kotlin.codegen.inline.InlineScopesGenerator::access$computeNewVariableName (10 bytes)
Event: 17.161 Thread 0x000001c5a40d74c0 28441       3       org.jetbrains.kotlin.codegen.inline.InlineScopesGenerator::computeNewVariableName (114 bytes)
Event: 17.162 Thread 0x000001c5a40d3530 28442 %     4       org.jetbrains.kotlin.codegen.optimization.temporaryVals.TemporaryVariablesEliminationTransformer::processLabels @ 460 (515 bytes)
Event: 17.162 Thread 0x000001c5a45d7100 28443       3       org.jetbrains.kotlin.codegen.StackValue::put (27 bytes)
Event: 17.165 Thread 0x000001c5a7e12dd0 28445       4       org.jetbrains.kotlin.codegen.optimization.common.FastAnalyzer::computeExceptionHandlersForEachInsn (94 bytes)

GC Heap History (20 events):
Event: 7.891 GC heap before
{Heap before GC invocations=22 (full 0):
 garbage-first heap   total 249856K, used 220249K [0x0000000704a00000, 0x0000000800000000)
  region size 2048K, 38 young (77824K), 3 survivors (6144K)
 Metaspace       used 61231K, committed 61568K, reserved 1114112K
  class space    used 6514K, committed 6656K, reserved 1048576K
}
Event: 7.897 GC heap after
{Heap after GC invocations=23 (full 0):
 garbage-first heap   total 301056K, used 152386K [0x0000000704a00000, 0x0000000800000000)
  region size 2048K, 5 young (10240K), 5 survivors (10240K)
 Metaspace       used 61231K, committed 61568K, reserved 1114112K
  class space    used 6514K, committed 6656K, reserved 1048576K
}
Event: 9.351 GC heap before
{Heap before GC invocations=24 (full 0):
 garbage-first heap   total 301056K, used 262978K [0x0000000704a00000, 0x0000000800000000)
  region size 2048K, 59 young (120832K), 5 survivors (10240K)
 Metaspace       used 65616K, committed 65984K, reserved 1114112K
  class space    used 6823K, committed 6976K, reserved 1048576K
}
Event: 9.359 GC heap after
{Heap after GC invocations=25 (full 0):
 garbage-first heap   total 301056K, used 158110K [0x0000000704a00000, 0x0000000800000000)
  region size 2048K, 7 young (14336K), 7 survivors (14336K)
 Metaspace       used 65616K, committed 65984K, reserved 1114112K
  class space    used 6823K, committed 6976K, reserved 1048576K
}
Event: 10.477 GC heap before
{Heap before GC invocations=25 (full 0):
 garbage-first heap   total 301056K, used 268702K [0x0000000704a00000, 0x0000000800000000)
  region size 2048K, 61 young (124928K), 7 survivors (14336K)
 Metaspace       used 71937K, committed 72256K, reserved 1114112K
  class space    used 7367K, committed 7488K, reserved 1048576K
}
Event: 10.491 GC heap after
{Heap after GC invocations=26 (full 0):
 garbage-first heap   total 303104K, used 170407K [0x0000000704a00000, 0x0000000800000000)
  region size 2048K, 8 young (16384K), 8 survivors (16384K)
 Metaspace       used 71937K, committed 72256K, reserved 1114112K
  class space    used 7367K, committed 7488K, reserved 1048576K
}
Event: 10.788 GC heap before
{Heap before GC invocations=26 (full 0):
 garbage-first heap   total 303104K, used 188839K [0x0000000704a00000, 0x0000000800000000)
  region size 2048K, 18 young (36864K), 8 survivors (16384K)
 Metaspace       used 73893K, committed 74240K, reserved 1179648K
  class space    used 7510K, committed 7680K, reserved 1048576K
}
Event: 10.802 GC heap after
{Heap after GC invocations=27 (full 0):
 garbage-first heap   total 303104K, used 176636K [0x0000000704a00000, 0x0000000800000000)
  region size 2048K, 3 young (6144K), 3 survivors (6144K)
 Metaspace       used 73893K, committed 74240K, reserved 1179648K
  class space    used 7510K, committed 7680K, reserved 1048576K
}
Event: 11.519 GC heap before
{Heap before GC invocations=28 (full 0):
 garbage-first heap   total 303104K, used 264700K [0x0000000704a00000, 0x0000000800000000)
  region size 2048K, 46 young (94208K), 3 survivors (6144K)
 Metaspace       used 77879K, committed 78208K, reserved 1179648K
  class space    used 7763K, committed 7936K, reserved 1048576K
}
Event: 11.526 GC heap after
{Heap after GC invocations=29 (full 0):
 garbage-first heap   total 303104K, used 186056K [0x0000000704a00000, 0x0000000800000000)
  region size 2048K, 6 young (12288K), 6 survivors (12288K)
 Metaspace       used 77879K, committed 78208K, reserved 1179648K
  class space    used 7763K, committed 7936K, reserved 1048576K
}
Event: 12.234 GC heap before
{Heap before GC invocations=29 (full 0):
 garbage-first heap   total 303104K, used 270024K [0x0000000704a00000, 0x0000000800000000)
  region size 2048K, 47 young (96256K), 6 survivors (12288K)
 Metaspace       used 79747K, committed 80064K, reserved 1179648K
  class space    used 7935K, committed 8064K, reserved 1048576K
}
Event: 12.249 GC heap after
{Heap after GC invocations=30 (full 0):
 garbage-first heap   total 311296K, used 210581K [0x0000000704a00000, 0x0000000800000000)
  region size 2048K, 6 young (12288K), 6 survivors (12288K)
 Metaspace       used 79747K, committed 80064K, reserved 1179648K
  class space    used 7935K, committed 8064K, reserved 1048576K
}
Event: 12.800 GC heap before
{Heap before GC invocations=30 (full 0):
 garbage-first heap   total 311296K, used 274069K [0x0000000704a00000, 0x0000000800000000)
  region size 2048K, 37 young (75776K), 6 survivors (12288K)
 Metaspace       used 83263K, committed 83648K, reserved 1179648K
  class space    used 8283K, committed 8448K, reserved 1048576K
}
Event: 12.810 GC heap after
{Heap after GC invocations=31 (full 0):
 garbage-first heap   total 311296K, used 218194K [0x0000000704a00000, 0x0000000800000000)
  region size 2048K, 3 young (6144K), 3 survivors (6144K)
 Metaspace       used 83263K, committed 83648K, reserved 1179648K
  class space    used 8283K, committed 8448K, reserved 1048576K
}
Event: 13.952 GC heap before
{Heap before GC invocations=32 (full 0):
 garbage-first heap   total 366592K, used 279634K [0x0000000704a00000, 0x0000000800000000)
  region size 2048K, 33 young (67584K), 3 survivors (6144K)
 Metaspace       used 90122K, committed 90560K, reserved 1179648K
  class space    used 8769K, committed 8960K, reserved 1048576K
}
Event: 13.958 GC heap after
{Heap after GC invocations=33 (full 0):
 garbage-first heap   total 366592K, used 222448K [0x0000000704a00000, 0x0000000800000000)
  region size 2048K, 5 young (10240K), 5 survivors (10240K)
 Metaspace       used 90122K, committed 90560K, reserved 1179648K
  class space    used 8769K, committed 8960K, reserved 1048576K
}
Event: 14.748 GC heap before
{Heap before GC invocations=33 (full 0):
 garbage-first heap   total 366592K, used 294128K [0x0000000704a00000, 0x0000000800000000)
  region size 2048K, 41 young (83968K), 5 survivors (10240K)
 Metaspace       used 90987K, committed 91392K, reserved 1179648K
  class space    used 8773K, committed 8960K, reserved 1048576K
}
Event: 14.756 GC heap after
{Heap after GC invocations=34 (full 0):
 garbage-first heap   total 366592K, used 227478K [0x0000000704a00000, 0x0000000800000000)
  region size 2048K, 6 young (12288K), 6 survivors (12288K)
 Metaspace       used 90987K, committed 91392K, reserved 1179648K
  class space    used 8773K, committed 8960K, reserved 1048576K
}
Event: 16.624 GC heap before
{Heap before GC invocations=35 (full 0):
 garbage-first heap   total 382976K, used 327830K [0x0000000704a00000, 0x0000000800000000)
  region size 2048K, 55 young (112640K), 6 survivors (12288K)
 Metaspace       used 97936K, committed 98368K, reserved 1179648K
  class space    used 9280K, committed 9472K, reserved 1048576K
}
Event: 16.639 GC heap after
{Heap after GC invocations=36 (full 0):
 garbage-first heap   total 382976K, used 232776K [0x0000000704a00000, 0x0000000800000000)
  region size 2048K, 6 young (12288K), 6 survivors (12288K)
 Metaspace       used 97936K, committed 98368K, reserved 1179648K
  class space    used 9280K, committed 9472K, reserved 1048576K
}

Dll operation events (3 events):
Event: 0.006 Loaded shared library C:\Program Files\Android\Android Studio\jbr\bin\java.dll
Event: 0.011 Loaded shared library C:\Program Files\Android\Android Studio\jbr\bin\zip.dll
Event: 0.865 Loaded shared library C:\Program Files\Android\Android Studio\jbr\bin\verify.dll

Deoptimization events (20 events):
Event: 17.065 Thread 0x000001c5855af6f0 DEOPT PACKING pc=0x000001c5910f3f30 sp=0x00000032b22fd010
Event: 17.065 Thread 0x000001c5855af6f0 DEOPT UNPACKING pc=0x000001c58fba46a2 sp=0x00000032b22fcf68 mode 2
Event: 17.111 Thread 0x000001c5855af6f0 Uncommon trap: trap_request=0xffffffde fr.pc=0x000001c59155282c relative=0x00000000000015ec
Event: 17.111 Thread 0x000001c5855af6f0 Uncommon trap: reason=class_check action=maybe_recompile pc=0x000001c59155282c method=org.jetbrains.kotlin.codegen.optimization.boxing.BoxingInterpreter.merge(Lorg/jetbrains/org/objectweb/asm/tree/analysis/BasicValue;Lorg/jetbrains/org/objectweb/asm/tree/
Event: 17.111 Thread 0x000001c5855af6f0 DEOPT PACKING pc=0x000001c59155282c sp=0x00000032b22fd220
Event: 17.111 Thread 0x000001c5855af6f0 DEOPT UNPACKING pc=0x000001c58fba46a2 sp=0x00000032b22fd100 mode 2
Event: 17.111 Thread 0x000001c5855af6f0 Uncommon trap: trap_request=0xffffffde fr.pc=0x000001c591552870 relative=0x0000000000001630
Event: 17.111 Thread 0x000001c5855af6f0 Uncommon trap: reason=class_check action=maybe_recompile pc=0x000001c591552870 method=org.jetbrains.kotlin.codegen.optimization.boxing.BoxingInterpreter.merge(Lorg/jetbrains/org/objectweb/asm/tree/analysis/BasicValue;Lorg/jetbrains/org/objectweb/asm/tree/
Event: 17.111 Thread 0x000001c5855af6f0 DEOPT PACKING pc=0x000001c591552870 sp=0x00000032b22fd180
Event: 17.111 Thread 0x000001c5855af6f0 DEOPT UNPACKING pc=0x000001c58fba46a2 sp=0x00000032b22fd058 mode 2
Event: 17.121 Thread 0x000001c5855af6f0 Uncommon trap: trap_request=0xffffffde fr.pc=0x000001c591552870 relative=0x0000000000001630
Event: 17.121 Thread 0x000001c5855af6f0 Uncommon trap: reason=class_check action=maybe_recompile pc=0x000001c591552870 method=org.jetbrains.kotlin.codegen.optimization.boxing.BoxingInterpreter.merge(Lorg/jetbrains/org/objectweb/asm/tree/analysis/BasicValue;Lorg/jetbrains/org/objectweb/asm/tree/
Event: 17.121 Thread 0x000001c5855af6f0 DEOPT PACKING pc=0x000001c591552870 sp=0x00000032b22fd180
Event: 17.121 Thread 0x000001c5855af6f0 DEOPT UNPACKING pc=0x000001c58fba46a2 sp=0x00000032b22fd058 mode 2
Event: 17.139 Thread 0x000001c5855af6f0 Uncommon trap: trap_request=0xffffffde fr.pc=0x000001c591552870 relative=0x0000000000001630
Event: 17.139 Thread 0x000001c5855af6f0 Uncommon trap: reason=class_check action=maybe_recompile pc=0x000001c591552870 method=org.jetbrains.kotlin.codegen.optimization.boxing.BoxingInterpreter.merge(Lorg/jetbrains/org/objectweb/asm/tree/analysis/BasicValue;Lorg/jetbrains/org/objectweb/asm/tree/
Event: 17.139 Thread 0x000001c5855af6f0 DEOPT PACKING pc=0x000001c591552870 sp=0x00000032b22fd180
Event: 17.139 Thread 0x000001c5855af6f0 DEOPT UNPACKING pc=0x000001c58fba46a2 sp=0x00000032b22fd058 mode 2
Event: 17.149 Thread 0x000001c5855af6f0 DEOPT PACKING pc=0x000001c58bee75a9 sp=0x00000032b22fd240
Event: 17.149 Thread 0x000001c5855af6f0 DEOPT UNPACKING pc=0x000001c58fba4e42 sp=0x00000032b22fc8b0 mode 0

Classes loaded (20 events):
Event: 13.507 Loading class java/security/MessageDigest$Delegate
Event: 13.507 Loading class sun/security/util/MessageDigestSpi2
Event: 13.507 Loading class sun/security/util/MessageDigestSpi2 done
Event: 13.507 Loading class java/security/MessageDigest$Delegate done
Event: 13.507 Loading class java/security/MessageDigest$Delegate$CloneableDelegate
Event: 13.507 Loading class java/security/MessageDigest$Delegate$CloneableDelegate done
Event: 13.507 Loading class sun/security/provider/ByteArrayAccess
Event: 13.507 Loading class sun/security/provider/ByteArrayAccess done
Event: 13.507 Loading class sun/security/provider/ByteArrayAccess$LE
Event: 13.507 Loading class sun/security/provider/ByteArrayAccess$LE done
Event: 13.508 Loading class java/util/Base64
Event: 13.508 Loading class java/util/Base64 done
Event: 13.508 Loading class java/util/Base64$Encoder
Event: 13.508 Loading class java/util/Base64$Encoder done
Event: 15.018 Loading class java/lang/TypeNotPresentException
Event: 15.018 Loading class java/lang/TypeNotPresentException done
Event: 15.044 Loading class java/util/function/ToIntFunction
Event: 15.044 Loading class java/util/function/ToIntFunction done
Event: 15.138 Loading class java/util/Vector$Itr
Event: 15.139 Loading class java/util/Vector$Itr done

Classes unloaded (0 events):
No events

Classes redefined (0 events):
No events

Internal exceptions (20 events):
Event: 12.358 Thread 0x000001c5855af6f0 Exception <a 'java/lang/NoSuchMethodError'{0x0000000715c4b3f0}: 'java.lang.Object java.lang.invoke.DirectMethodHandle$Holder.invokeStatic(java.lang.Object, java.lang.Object, java.lang.Object, java.lang.Object, java.lang.Object, int, java.lang.Object, java.lang.Object)'> (0x0000000715c4b3f0) 
thrown [s\src\hotspot\share\interpreter\linkResolver.cpp, line 784]
Event: 12.569 Thread 0x000001c5855af6f0 Exception <a 'java/lang/NoSuchMethodError'{0x000000071415a2e0}: 'java.lang.Object java.lang.invoke.DirectMethodHandle$Holder.newInvokeSpecial(java.lang.Object, java.lang.Object, int, java.lang.Object)'> (0x000000071415a2e0) 
thrown [s\src\hotspot\share\interpreter\linkResolver.cpp, line 784]
Event: 12.569 Thread 0x000001c5855af6f0 Exception <a 'java/lang/NoSuchMethodError'{0x000000071415e390}: 'java.lang.Object java.lang.invoke.DirectMethodHandle$Holder.invokeSpecial(java.lang.Object, java.lang.Object, java.lang.Object, int, java.lang.Object)'> (0x000000071415e390) 
thrown [s\src\hotspot\share\interpreter\linkResolver.cpp, line 784]
Event: 12.569 Thread 0x000001c5855af6f0 Exception <a 'java/lang/NoSuchMethodError'{0x0000000714162010}: 'java.lang.Object java.lang.invoke.Invokers$Holder.linkToTargetMethod(java.lang.Object, int, java.lang.Object, java.lang.Object)'> (0x0000000714162010) 
thrown [s\src\hotspot\share\interpreter\linkResolver.cpp, line 784]
Event: 12.707 Thread 0x000001c5855af6f0 Exception <a 'java/lang/NoSuchMethodError'{0x00000007136e1f20}: 'java.lang.Object java.lang.invoke.DirectMethodHandle$Holder.newInvokeSpecial(java.lang.Object, int, java.lang.Object, int)'> (0x00000007136e1f20) 
thrown [s\src\hotspot\share\interpreter\linkResolver.cpp, line 784]
Event: 13.479 Thread 0x000001c5855af6f0 Exception <a 'java/lang/NoSuchMethodError'{0x0000000718867e10}: 'java.lang.Object java.lang.invoke.DirectMethodHandle$Holder.invokeStatic(java.lang.Object, java.lang.Object, java.lang.Object, java.lang.Object, int, java.lang.Object)'> (0x0000000718867e10) 
thrown [s\src\hotspot\share\interpreter\linkResolver.cpp, line 784]
Event: 13.526 Thread 0x000001c5855af6f0 Exception <a 'java/lang/NoSuchMethodError'{0x0000000718979938}: 'java.lang.Object java.lang.invoke.DirectMethodHandle$Holder.invokeStatic(java.lang.Object, java.lang.Object, java.lang.Object, java.lang.Object, java.lang.Object, java.lang.Object, java.lang.Object, int, java.lang.Object, java.lang.Object)'> (0x0000000718979938) 
thrown [s\src\hotspot\share\interpreter\linkResolver.cpp, line 784]
Event: 13.766 Thread 0x000001c5855af6f0 Implicit null exception at 0x000001c5913c1add to 0x000001c5913c1b74
Event: 13.766 Thread 0x000001c5855af6f0 Implicit null exception at 0x000001c5913af7e0 to 0x000001c5913af8fd
Event: 15.088 Thread 0x000001c5855af6f0 Exception <a 'java/lang/NoSuchMethodError'{0x000000071a652b58}: 'java.lang.Object java.lang.invoke.DirectMethodHandle$Holder.invokeStatic(java.lang.Object, int, int)'> (0x000000071a652b58) 
thrown [s\src\hotspot\share\interpreter\linkResolver.cpp, line 784]
Event: 15.175 Thread 0x000001c5855af6f0 Exception <a 'java/lang/NoSuchMethodError'{0x0000000719c8d3c0}: 'java.lang.Object java.lang.invoke.DirectMethodHandle$Holder.newInvokeSpecial(java.lang.Object, java.lang.Object, java.lang.Object, java.lang.Object, int, java.lang.Object)'> (0x0000000719c8d3c0) 
thrown [s\src\hotspot\share\interpreter\linkResolver.cpp, line 784]
Event: 15.175 Thread 0x000001c5855af6f0 Exception <a 'java/lang/NoSuchMethodError'{0x0000000719c91738}: 'java.lang.Object java.lang.invoke.DirectMethodHandle$Holder.invokeSpecial(java.lang.Object, java.lang.Object, java.lang.Object, java.lang.Object, java.lang.Object, int, java.lang.Object)'> (0x0000000719c91738) 
thrown [s\src\hotspot\share\interpreter\linkResolver.cpp, line 784]
Event: 15.175 Thread 0x000001c5855af6f0 Exception <a 'java/lang/NoSuchMethodError'{0x0000000719c95310}: 'java.lang.Object java.lang.invoke.Invokers$Holder.linkToTargetMethod(java.lang.Object, java.lang.Object, java.lang.Object, int, java.lang.Object, java.lang.Object)'> (0x0000000719c95310) 
thrown [s\src\hotspot\share\interpreter\linkResolver.cpp, line 784]
Event: 15.241 Thread 0x000001c5855af6f0 Exception <a 'java/lang/NoSuchMethodError'{0x00000007198765b0}: 'java.lang.Object java.lang.invoke.DirectMethodHandle$Holder.newInvokeSpecial(java.lang.Object, java.lang.Object, java.lang.Object, java.lang.Object, java.lang.Object, int, java.lang.Object)'> (0x00000007198765b0) 
thrown [s\src\hotspot\share\interpreter\linkResolver.cpp, line 784]
Event: 15.241 Thread 0x000001c5855af6f0 Exception <a 'java/lang/NoSuchMethodError'{0x000000071987a7a0}: 'java.lang.Object java.lang.invoke.DirectMethodHandle$Holder.invokeSpecial(java.lang.Object, java.lang.Object, java.lang.Object, java.lang.Object, java.lang.Object, java.lang.Object, int, java.lang.Object)'> (0x000000071987a7a0) 
thrown [s\src\hotspot\share\interpreter\linkResolver.cpp, line 784]
Event: 15.241 Thread 0x000001c5855af6f0 Exception <a 'java/lang/NoSuchMethodError'{0x000000071987df10}: 'java.lang.Object java.lang.invoke.Invokers$Holder.linkToTargetMethod(java.lang.Object, java.lang.Object, java.lang.Object, java.lang.Object, int, java.lang.Object, java.lang.Object)'> (0x000000071987df10) 
thrown [s\src\hotspot\share\interpreter\linkResolver.cpp, line 784]
Event: 15.643 Thread 0x000001c5855af6f0 Implicit null exception at 0x000001c5910d3540 to 0x000001c5910d3a60
Event: 15.682 Thread 0x000001c5855af6f0 Implicit null exception at 0x000001c591438f0d to 0x000001c591439290
Event: 15.682 Thread 0x000001c5855af6f0 Implicit null exception at 0x000001c5914167c1 to 0x000001c591416ac8
Event: 16.858 Thread 0x000001c5855af6f0 Exception <a 'java/lang/NoSuchMethodError'{0x000000071a375b98}: 'java.lang.Object java.lang.invoke.DirectMethodHandle$Holder.invokeStatic(java.lang.Object, java.lang.Object, java.lang.Object, java.lang.Object, java.lang.Object, int)'> (0x000000071a375b98) 
thrown [s\src\hotspot\share\interpreter\linkResolver.cpp, line 784]

ZGC Phase Switch (0 events):
No events

VM Operations (20 events):
Event: 16.138 Executing VM operation: HandshakeAllThreads (Deoptimize) done
Event: 16.180 Executing VM operation: ICBufferFull
Event: 16.180 Executing VM operation: ICBufferFull done
Event: 16.282 Executing VM operation: ICBufferFull
Event: 16.282 Executing VM operation: ICBufferFull done
Event: 16.313 Executing VM operation: HandshakeAllThreads (Deoptimize)
Event: 16.313 Executing VM operation: HandshakeAllThreads (Deoptimize) done
Event: 16.444 Executing VM operation: ICBufferFull
Event: 16.444 Executing VM operation: ICBufferFull done
Event: 16.555 Executing VM operation: HandshakeAllThreads (Deoptimize)
Event: 16.555 Executing VM operation: HandshakeAllThreads (Deoptimize) done
Event: 16.624 Executing VM operation: G1CollectForAllocation (G1 Evacuation Pause)
Event: 16.639 Executing VM operation: G1CollectForAllocation (G1 Evacuation Pause) done
Event: 16.916 Executing VM operation: ICBufferFull
Event: 16.916 Executing VM operation: ICBufferFull done
Event: 16.970 Executing VM operation: HandshakeAllThreads (Deoptimize)
Event: 16.970 Executing VM operation: HandshakeAllThreads (Deoptimize) done
Event: 16.979 Executing VM operation: HandshakeAllThreads (Deoptimize)
Event: 16.979 Executing VM operation: HandshakeAllThreads (Deoptimize) done
Event: 17.986 Executing VM operation: Cleanup

Memory protections (0 events):
No events

Nmethod flushes (20 events):
Event: 14.862 Thread 0x000001c5a402ce80 flushing  nmethod 0x000001c58c1ca410
Event: 14.862 Thread 0x000001c5a402ce80 flushing  nmethod 0x000001c58c2ee990
Event: 14.862 Thread 0x000001c5a402ce80 flushing  nmethod 0x000001c58c2f0110
Event: 14.862 Thread 0x000001c5a402ce80 flushing  nmethod 0x000001c58c31a190
Event: 14.862 Thread 0x000001c5a402ce80 flushing  nmethod 0x000001c58c31c690
Event: 14.862 Thread 0x000001c5a402ce80 flushing  nmethod 0x000001c58c31db90
Event: 14.862 Thread 0x000001c5a402ce80 flushing  nmethod 0x000001c58c31eb90
Event: 14.862 Thread 0x000001c5a402ce80 flushing  nmethod 0x000001c58c31fa10
Event: 14.862 Thread 0x000001c5a402ce80 flushing  nmethod 0x000001c58c320710
Event: 14.862 Thread 0x000001c5a402ce80 flushing  nmethod 0x000001c58c4b7290
Event: 14.862 Thread 0x000001c5a402ce80 flushing  nmethod 0x000001c58c4b7a10
Event: 14.862 Thread 0x000001c5a402ce80 flushing  nmethod 0x000001c58c4b8190
Event: 14.862 Thread 0x000001c5a402ce80 flushing  nmethod 0x000001c58c4b8910
Event: 14.862 Thread 0x000001c5a402ce80 flushing  nmethod 0x000001c58c4b9090
Event: 14.862 Thread 0x000001c5a402ce80 flushing  nmethod 0x000001c58c4bc110
Event: 14.862 Thread 0x000001c5a402ce80 flushing  nmethod 0x000001c58c70fe10
Event: 14.862 Thread 0x000001c5a402ce80 flushing  nmethod 0x000001c58c710310
Event: 14.862 Thread 0x000001c5a402ce80 flushing  nmethod 0x000001c58c710910
Event: 14.862 Thread 0x000001c5a402ce80 flushing  nmethod 0x000001c58c711c10
Event: 14.862 Thread 0x000001c5a402ce80 flushing  nmethod 0x000001c58c715290

Events (20 events):
Event: 0.095 Loaded shared library C:\Program Files\Android\Android Studio\jbr\bin\net.dll
Event: 0.096 Loaded shared library C:\Program Files\Android\Android Studio\jbr\bin\nio.dll
Event: 0.110 Thread 0x000001c5a40d3530 Thread added: 0x000001c5a434b440
Event: 0.110 Thread 0x000001c5a40d3530 Thread added: 0x000001c5a434bef0
Event: 0.117 Loaded shared library C:\Program Files\Android\Android Studio\jbr\bin\zip.dll
Event: 0.140 Loaded shared library C:\Program Files\Android\Android Studio\jbr\bin\jimage.dll
Event: 0.220 Thread 0x000001c5a40d74c0 Thread added: 0x000001c5a45d7100
Event: 0.220 Thread 0x000001c5a40d74c0 Thread added: 0x000001c5a46db3b0
Event: 0.932 Thread 0x000001c5a434b440 Thread added: 0x000001c5a52faf20
Event: 1.182 Thread 0x000001c5a52faf20 Thread added: 0x000001c5a53bf450
Event: 1.182 Thread 0x000001c5a52faf20 Thread added: 0x000001c5a57ae220
Event: 1.338 Thread 0x000001c5a57ae220 Thread exited: 0x000001c5a57ae220
Event: 1.348 Thread 0x000001c5a53bf450 Thread exited: 0x000001c5a53bf450
Event: 1.610 Thread 0x000001c5a52faf20 Thread exited: 0x000001c5a52faf20
Event: 1.610 Thread 0x000001c5a434bef0 Thread exited: 0x000001c5a434bef0
Event: 1.811 Thread 0x000001c5a40d3530 Thread added: 0x000001c5a62e16f0
Event: 1.817 Thread 0x000001c5a45d7100 Thread added: 0x000001c5a7e97930
Event: 1.820 Thread 0x000001c5a40d74c0 Thread added: 0x000001c5a7e12dd0
Event: 1.820 Thread 0x000001c5a40d74c0 Thread added: 0x000001c5a7e14e10
Event: 15.106 Thread 0x000001c5a7e14e10 Thread exited: 0x000001c5a7e14e10


Dynamic libraries:
0x00007ff743d20000 - 0x00007ff743d2a000 	C:\Program Files\Android\Android Studio\jbr\bin\java.exe
0x00007ffbeb480000 - 0x00007ffbeb6e7000 	C:\WINDOWS\SYSTEM32\ntdll.dll
0x00007ffbe9a60000 - 0x00007ffbe9b29000 	C:\WINDOWS\System32\KERNEL32.DLL
0x00007ffbe8b30000 - 0x00007ffbe8f20000 	C:\WINDOWS\System32\KERNELBASE.dll
0x00007ffbe87f0000 - 0x00007ffbe893b000 	C:\WINDOWS\System32\ucrtbase.dll
0x00007ffbabb40000 - 0x00007ffbabb58000 	C:\Program Files\Android\Android Studio\jbr\bin\jli.dll
0x00007ffbde980000 - 0x00007ffbde99b000 	C:\Program Files\Android\Android Studio\jbr\bin\VCRUNTIME140.dll
0x00007ffbe9660000 - 0x00007ffbe9825000 	C:\WINDOWS\System32\USER32.dll
0x00007ffbe8f30000 - 0x00007ffbe8f57000 	C:\WINDOWS\System32\win32u.dll
0x00007ffbc3060000 - 0x00007ffbc32fa000 	C:\WINDOWS\WinSxS\amd64_microsoft.windows.common-controls_6595b64144ccf1df_6.0.26100.4768_none_3e0c112ce331287c\COMCTL32.dll
0x00007ffbe9c70000 - 0x00007ffbe9c9b000 	C:\WINDOWS\System32\GDI32.dll
0x00007ffbe8940000 - 0x00007ffbe8a78000 	C:\WINDOWS\System32\gdi32full.dll
0x00007ffbe8a80000 - 0x00007ffbe8b23000 	C:\WINDOWS\System32\msvcp_win.dll
0x00007ffbe9ca0000 - 0x00007ffbe9d49000 	C:\WINDOWS\System32\msvcrt.dll
0x00007ffbe9c30000 - 0x00007ffbe9c5f000 	C:\WINDOWS\System32\IMM32.DLL
0x00007ffbe43f0000 - 0x00007ffbe43fc000 	C:\Program Files\Android\Android Studio\jbr\bin\vcruntime140_1.dll
0x00007ffb7eee0000 - 0x00007ffb7ef6d000 	C:\Program Files\Android\Android Studio\jbr\bin\msvcp140.dll
0x00007ffb4f690000 - 0x00007ffb5031b000 	C:\Program Files\Android\Android Studio\jbr\bin\server\jvm.dll
0x00007ffbe9310000 - 0x00007ffbe93c4000 	C:\WINDOWS\System32\ADVAPI32.dll
0x00007ffbeb180000 - 0x00007ffbeb226000 	C:\WINDOWS\System32\sechost.dll
0x00007ffbeb310000 - 0x00007ffbeb428000 	C:\WINDOWS\System32\RPCRT4.dll
0x00007ffbeb230000 - 0x00007ffbeb2a4000 	C:\WINDOWS\System32\WS2_32.dll
0x00007ffbe71b0000 - 0x00007ffbe720e000 	C:\WINDOWS\SYSTEM32\POWRPROF.dll
0x00007ffbd5530000 - 0x00007ffbd5565000 	C:\WINDOWS\SYSTEM32\WINMM.dll
0x00007ffbd6fe0000 - 0x00007ffbd6feb000 	C:\WINDOWS\SYSTEM32\VERSION.dll
0x00007ffbe7190000 - 0x00007ffbe71a4000 	C:\WINDOWS\SYSTEM32\UMPDC.dll
0x00007ffbe7450000 - 0x00007ffbe746b000 	C:\WINDOWS\SYSTEM32\kernel.appcore.dll
0x00007ffbd76f0000 - 0x00007ffbd76fa000 	C:\Program Files\Android\Android Studio\jbr\bin\jimage.dll
0x00007ffbe5c90000 - 0x00007ffbe5ed1000 	C:\WINDOWS\SYSTEM32\DBGHELP.DLL
0x00007ffbeadf0000 - 0x00007ffbeb175000 	C:\WINDOWS\System32\combase.dll
0x00007ffbea650000 - 0x00007ffbea730000 	C:\WINDOWS\System32\OLEAUT32.dll
0x00007ffbc1f70000 - 0x00007ffbc1fb3000 	C:\WINDOWS\SYSTEM32\dbgcore.DLL
0x00007ffbe9170000 - 0x00007ffbe9209000 	C:\WINDOWS\System32\bcryptPrimitives.dll
0x00007ffbcbd20000 - 0x00007ffbcbd40000 	C:\Program Files\Android\Android Studio\jbr\bin\java.dll
0x00007ffbcbd00000 - 0x00007ffbcbd18000 	C:\Program Files\Android\Android Studio\jbr\bin\zip.dll
0x00007ffbe9f00000 - 0x00007ffbea64d000 	C:\WINDOWS\System32\SHELL32.dll
0x00007ffbe8670000 - 0x00007ffbe87e3000 	C:\WINDOWS\System32\wintypes.dll
0x00007ffbe61f0000 - 0x00007ffbe6a4f000 	C:\WINDOWS\SYSTEM32\windows.storage.dll
0x00007ffbe9b30000 - 0x00007ffbe9c25000 	C:\WINDOWS\System32\SHCORE.dll
0x00007ffbe99f0000 - 0x00007ffbe9a5a000 	C:\WINDOWS\System32\shlwapi.dll
0x00007ffbe84d0000 - 0x00007ffbe84f9000 	C:\WINDOWS\SYSTEM32\profapi.dll
0x00007ffbd7110000 - 0x00007ffbd7120000 	C:\Program Files\Android\Android Studio\jbr\bin\net.dll
0x00007ffbde9e0000 - 0x00007ffbdeafe000 	C:\WINDOWS\SYSTEM32\WINHTTP.dll
0x00007ffbe79e0000 - 0x00007ffbe7a4b000 	C:\WINDOWS\system32\mswsock.dll
0x00007ffbcbc10000 - 0x00007ffbcbc26000 	C:\Program Files\Android\Android Studio\jbr\bin\nio.dll
0x00007ffbc7d80000 - 0x00007ffbc7d90000 	C:\Program Files\Android\Android Studio\jbr\bin\verify.dll

dbghelp: loaded successfully - version: 4.0.5 - missing functions: none
symbol engine: initialized successfully - sym options: 0x614 - pdb path: .;C:\Program Files\Android\Android Studio\jbr\bin;C:\WINDOWS\SYSTEM32;C:\WINDOWS\WinSxS\amd64_microsoft.windows.common-controls_6595b64144ccf1df_6.0.26100.4768_none_3e0c112ce331287c;C:\Program Files\Android\Android Studio\jbr\bin\server

VM Arguments:
java_command: org.jetbrains.kotlin.cli.jvm.K2JVMCompiler @C:\Users\heema\AndroidStudioProjects\Tails-Tale\app\build\20250724_14977636543265896341.compiler.options
java_class_path (initial): C:\Users\heema\.gradle\caches\modules-2\files-2.1\org.jetbrains.kotlin\kotlin-compiler-embeddable\2.0.21\79346ed53db48b18312a472602eb5c057070c54d\kotlin-compiler-embeddable-2.0.21.jar;C:\Users\heema\.gradle\caches\modules-2\files-2.1\org.jetbrains.kotlin\kotlin-stdlib\2.0.21\618b539767b4899b4660a83006e052b63f1db551\kotlin-stdlib-2.0.21.jar;C:\Users\heema\.gradle\caches\modules-2\files-2.1\org.jetbrains.kotlin\kotlin-script-runtime\2.0.21\c9b044380ad41f89aa89aa896c2d32a8c0b2129d\kotlin-script-runtime-2.0.21.jar;C:\Users\heema\.gradle\caches\modules-2\files-2.1\org.jetbrains.kotlin\kotlin-reflect\1.6.10\1cbe9c92c12a94eea200d23c2bbaedaf3daf5132\kotlin-reflect-1.6.10.jar;C:\Users\heema\.gradle\caches\modules-2\files-2.1\org.jetbrains.kotlin\kotlin-daemon-embeddable\2.0.21\c9e933b23287de9b5a17e2116b4657bb91aea72c\kotlin-daemon-embeddable-2.0.21.jar;C:\Users\heema\.gradle\caches\modules-2\files-2.1\org.jetbrains.intellij.deps\trove4j\1.0.20200330\3afb14d5f9ceb459d724e907a21145e8ff394f02\trove4j-1.0.20200330.jar;C:\Users\heema\.gradle\caches\modules-2\files-2.1\org.jetbrains.kotlinx\kotlinx-coroutines-core-jvm\1.6.4\2c997cd1c0ef33f3e751d3831929aeff1390cb30\kotlinx-coroutines-core-jvm-1.6.4.jar;C:\Users\heema\.gradle\caches\modules-2\files-2.1\org.jetbrains\annotations\13.0\919f0dfe192fb4e063e7dacadee7f8bb9a2672a9\annotations-13.0.jar
Launcher Type: SUN_STANDARD

[Global flags]
     intx CICompilerCount                          = 12                                        {product} {ergonomic}
     uint ConcGCThreads                            = 3                                         {product} {ergonomic}
     uint G1ConcRefinementThreads                  = 13                                        {product} {ergonomic}
   size_t G1HeapRegionSize                         = 2097152                                   {product} {ergonomic}
    uintx GCDrainStackTargetSize                   = 64                                        {product} {ergonomic}
   size_t InitialHeapSize                          = 264241152                                 {product} {ergonomic}
   size_t MarkStackSize                            = 4194304                                   {product} {ergonomic}
   size_t MaxHeapSize                              = 4217372672                                {product} {ergonomic}
   size_t MaxNewSize                               = 2529165312                                {product} {ergonomic}
   size_t MinHeapDeltaBytes                        = 2097152                                   {product} {ergonomic}
   size_t MinHeapSize                              = 8388608                                   {product} {ergonomic}
    uintx NonNMethodCodeHeapSize                   = 7602480                                {pd product} {ergonomic}
    uintx NonProfiledCodeHeapSize                  = 122027880                              {pd product} {ergonomic}
    uintx ProfiledCodeHeapSize                     = 122027880                              {pd product} {ergonomic}
    uintx ReservedCodeCacheSize                    = 251658240                              {pd product} {ergonomic}
     bool SegmentedCodeCache                       = true                                      {product} {ergonomic}
   size_t SoftMaxHeapSize                          = 4217372672                             {manageable} {ergonomic}
     bool UseCompressedOops                        = true                           {product lp64_product} {ergonomic}
     bool UseG1GC                                  = true                                      {product} {ergonomic}
     bool UseLargePagesIndividualAllocation        = false                                  {pd product} {ergonomic}

Logging:
Log output configuration:
 #0: stdout all=warning uptime,level,tags foldmultilines=false
 #1: stderr all=off uptime,level,tags foldmultilines=false

Environment Variables:
PATH=C:\Program Files\Common Files\Oracle\Java\javapath;C:\Windows\system32;C:\Windows;C:\Windows\System32\Wbem;C:\Windows\System32\WindowsPowerShell\v1.0\;C:\Windows\System32\OpenSSH\;C:\WINDOWS\system32;C:\WINDOWS;C:\WINDOWS\System32\Wbem;C:\WINDOWS\System32\WindowsPowerShell\v1.0\;C:\WINDOWS\System32\OpenSSH\;C:\Program Files\PuTTY\;C:\Program Files\Git\cmd;C:\Program Files (x86)\NVIDIA Corporation\PhysX\Common;C:\Users\heema\AppData\Local\Programs\Python\Python313\Scripts\;C:\Users\heema\AppData\Local\Programs\Python\Python313\;C:\Program Files\Java\jdk-23\bin;C:\Users\heema\AppData\Local\Programs\Microsoft VS Code\bin
USERNAME=heema
OS=Windows_NT
PROCESSOR_IDENTIFIER=Intel64 Family 6 Model 186 Stepping 2, GenuineIntel
TMP=C:\Users\heema\AppData\Local\Temp
TEMP=C:\Users\heema\AppData\Local\Temp




Periodic native trim disabled

JNI global refs:
JNI global refs: 22, weak refs: 0

JNI global refs memory usage: 835, weak refs: 833

Process memory usage:
Resident Set Size: 781360K (4% of 16473976K total physical memory with 1032700K free physical memory)

OOME stack traces (most recent first):
Classloader memory used:
Loader jdk.internal.loader.ClassLoaders$AppClassLoader                                 : 83912K
Loader bootstrap                                                                       : 11757K
Loader java.net.URLClassLoader                                                         : 2846K

---------------  S Y S T E M  ---------------

OS:
 Windows 11 , 64 bit Build 26100 (10.0.26100.4768)
OS uptime: 0 days 3:06 hours

CPU: total 16 (initial active 16) (8 cores per cpu, 2 threads per core) family 6 model 186 stepping 2 microcode 0x4111, cx8, cmov, fxsr, ht, mmx, 3dnowpref, sse, sse2, sse3, ssse3, sse4.1, sse4.2, popcnt, lzcnt, tsc, tscinvbit, avx, avx2, aes, erms, clmul, bmi1, bmi2, adx, sha, fma, vzeroupper, clflush, clflushopt, clwb, serialize, rdtscp, rdpid, fsrm, f16c, pku, cet_ibt, cet_ss
Processor Information for processor 0
  Max Mhz: 2400, Current Mhz: 2400, Mhz Limit: 2400
Processor Information for processor 1
  Max Mhz: 2400, Current Mhz: 2400, Mhz Limit: 2400
Processor Information for processor 2
  Max Mhz: 2400, Current Mhz: 2400, Mhz Limit: 2400
Processor Information for processor 3
  Max Mhz: 2400, Current Mhz: 2400, Mhz Limit: 2400
Processor Information for processor 4
  Max Mhz: 2400, Current Mhz: 2400, Mhz Limit: 2400
Processor Information for processor 5
  Max Mhz: 2400, Current Mhz: 2400, Mhz Limit: 2400
Processor Information for processor 6
  Max Mhz: 2400, Current Mhz: 2400, Mhz Limit: 2400
Processor Information for processor 7
  Max Mhz: 2400, Current Mhz: 2400, Mhz Limit: 2400
Processor Information for processor 8
  Max Mhz: 2400, Current Mhz: 2400, Mhz Limit: 2400
Processor Information for processor 9
  Max Mhz: 2400, Current Mhz: 2400, Mhz Limit: 2400
Processor Information for processor 10
  Max Mhz: 2400, Current Mhz: 2400, Mhz Limit: 2400
Processor Information for processor 11
  Max Mhz: 2400, Current Mhz: 2400, Mhz Limit: 2400
Processor Information for processor 12
  Max Mhz: 2400, Current Mhz: 1800, Mhz Limit: 1800
Processor Information for processor 13
  Max Mhz: 2400, Current Mhz: 1800, Mhz Limit: 1800
Processor Information for processor 14
  Max Mhz: 2400, Current Mhz: 1800, Mhz Limit: 1800
Processor Information for processor 15
  Max Mhz: 2400, Current Mhz: 1800, Mhz Limit: 1800

Memory: 4k page, system-wide physical 16087M (1008M free)
TotalPageFile size 20183M (AvailPageFile size 12M)
current process WorkingSet (physical memory assigned to process): 763M, peak: 763M
current process commit charge ("private bytes"): 800M, peak: 801M

vm_info: OpenJDK 64-Bit Server VM (21.0.6+-13368085-b895.109) for windows-amd64 JRE (21.0.6+-13368085-b895.109), built on 2025-04-16T17:01:31Z by "builder" with MS VC++ 16.10 / 16.11 (VS2019)

END.
